2020-09-08 14:16:59 INFO  verifying flights details display:63 - Test Data Flag - SELF
2020-09-08 14:32:11 INFO  verifying flights details display:63 - Test Data Flag - SELF
2020-09-08 14:34:15 INFO  verifying flights details display:63 - Test Data Flag - SELF
2020-09-08 14:35:18 INFO  verifying flights details display:63 - Test Data Flag - SELF
2020-09-08 15:39:24 INFO  verifying flights details display:63 - Test Data Flag - SELF
2020-09-08 15:39:36 INFO  verifying selected flight:63 - Test Data Flag - SELF
2020-09-08 16:02:57 INFO  verifying flights details display:63 - Test Data Flag - SELF
2020-09-08 16:03:06 INFO  verifying flight booked:63 - Test Data Flag - SELF
2020-09-08 16:03:06 INFO  verifying selected flight:63 - Test Data Flag - SELF
2020-09-08 16:03:38 INFO  verifying selected flight:122 - Scenario Failed - Coudn't attach screenshot
org.openqa.selenium.WebDriverException: chrome not reachable
  (Session info: chrome=85.0.4183.83)
  (Driver info: chromedriver=2.35.528161 (5b82f2d2aae0ca24b877009200ced9065a772e73),platform=Windows NT 10.0.18363 x86_64) (WARNING: The server did not provide any stacktrace information)
Command duration or timeout: 8.03 seconds
Build info: version: '3.4.0', revision: 'unknown', time: 'unknown'
System info: host: 'DESKTOP-0I2DGSC', ip: '192.168.31.189', os.name: 'Windows 10', os.arch: 'amd64', os.version: '10.0', java.version: '1.8.0_261'
Driver info: org.openqa.selenium.chrome.ChromeDriver
Capabilities [{applicationCacheEnabled=false, rotatable=false, mobileEmulationEnabled=false, networkConnectionEnabled=false, chrome={chromedriverVersion=2.35.528161 (5b82f2d2aae0ca24b877009200ced9065a772e73), userDataDir=C:\Users\ADVANT~1\AppData\Local\Temp\scoped_dir388_24521}, takesHeapSnapshot=true, pageLoadStrategy=normal, databaseEnabled=false, handlesAlerts=true, hasTouchScreen=false, version=85.0.4183.83, platform=XP, browserConnectionEnabled=false, nativeEvents=true, acceptSslCerts=false, acceptInsecureCerts=false, locationContextEnabled=true, webStorageEnabled=true, browserName=chrome, takesScreenshot=true, javascriptEnabled=true, cssSelectorsEnabled=true, setWindowRect=true, unexpectedAlertBehaviour=ignore}]
Session ID: 1c34eb5ef4c48a335a1ed144cd250d76
	at sun.reflect.NativeConstructorAccessorImpl.newInstance0(Native Method)
	at sun.reflect.NativeConstructorAccessorImpl.newInstance(Unknown Source)
	at sun.reflect.DelegatingConstructorAccessorImpl.newInstance(Unknown Source)
	at java.lang.reflect.Constructor.newInstance(Unknown Source)
	at org.openqa.selenium.remote.ErrorHandler.createThrowable(ErrorHandler.java:215)
	at org.openqa.selenium.remote.ErrorHandler.throwIfResponseFailed(ErrorHandler.java:167)
	at org.openqa.selenium.remote.RemoteWebDriver.execute(RemoteWebDriver.java:671)
	at org.openqa.selenium.remote.RemoteWebDriver.execute(RemoteWebDriver.java:694)
	at org.openqa.selenium.remote.RemoteWebDriver.getScreenshotAs(RemoteWebDriver.java:382)
	at com.blazedemo.blazedemo.stepdefs.beforeAndAfterHooks.embedScreenshot(beforeAndAfterHooks.java:108)
	at sun.reflect.NativeMethodAccessorImpl.invoke0(Native Method)
	at sun.reflect.NativeMethodAccessorImpl.invoke(Unknown Source)
	at sun.reflect.DelegatingMethodAccessorImpl.invoke(Unknown Source)
	at java.lang.reflect.Method.invoke(Unknown Source)
	at cucumber.runtime.Utils$1.call(Utils.java:40)
	at cucumber.runtime.Timeout.timeout(Timeout.java:16)
	at cucumber.runtime.Utils.invoke(Utils.java:34)
	at cucumber.runtime.java.JavaHookDefinition.execute(JavaHookDefinition.java:60)
	at cucumber.runtime.Runtime.runHookIfTagsMatch(Runtime.java:224)
	at cucumber.runtime.Runtime.runHooks(Runtime.java:212)
	at cucumber.runtime.Runtime.runAfterHooks(Runtime.java:206)
	at cucumber.runtime.model.CucumberScenario.run(CucumberScenario.java:46)
	at com.github.mkolisnyk.cucumber.runner.ExtendedExecutionUnitRunner.run(ExtendedExecutionUnitRunner.java:35)
	at com.github.mkolisnyk.cucumber.runner.ExtendedExamplesRunner.runChild(ExtendedExamplesRunner.java:102)
	at com.github.mkolisnyk.cucumber.runner.ExtendedExamplesRunner.runChild(ExtendedExamplesRunner.java:19)
	at org.junit.runners.ParentRunner$3.run(ParentRunner.java:290)
	at org.junit.runners.ParentRunner$1.schedule(ParentRunner.java:71)
	at org.junit.runners.ParentRunner.runChildren(ParentRunner.java:288)
	at org.junit.runners.ParentRunner.access$000(ParentRunner.java:58)
	at org.junit.runners.ParentRunner$2.evaluate(ParentRunner.java:268)
	at org.junit.runners.ParentRunner.run(ParentRunner.java:363)
	at com.github.mkolisnyk.cucumber.runner.ExtendedExamplesRunner.run(ExtendedExamplesRunner.java:87)
	at org.junit.runners.Suite.runChild(Suite.java:128)
	at com.github.mkolisnyk.cucumber.runner.ExtendedScenarioOutlineRunner.runChild(ExtendedScenarioOutlineRunner.java:69)
	at com.github.mkolisnyk.cucumber.runner.ExtendedScenarioOutlineRunner.runChild(ExtendedScenarioOutlineRunner.java:17)
	at org.junit.runners.ParentRunner$3.run(ParentRunner.java:290)
	at org.junit.runners.ParentRunner$1.schedule(ParentRunner.java:71)
	at org.junit.runners.ParentRunner.runChildren(ParentRunner.java:288)
	at org.junit.runners.ParentRunner.access$000(ParentRunner.java:58)
	at org.junit.runners.ParentRunner$2.evaluate(ParentRunner.java:268)
	at org.junit.runners.ParentRunner.run(ParentRunner.java:363)
	at com.github.mkolisnyk.cucumber.runner.ExtendedScenarioOutlineRunner.run(ExtendedScenarioOutlineRunner.java:64)
	at com.github.mkolisnyk.cucumber.runner.ExtendedFeatureRunner.runChild(ExtendedFeatureRunner.java:99)
	at com.github.mkolisnyk.cucumber.runner.ExtendedFeatureRunner.runChild(ExtendedFeatureRunner.java:24)
	at org.junit.runners.ParentRunner$3.run(ParentRunner.java:290)
	at org.junit.runners.ParentRunner$1.schedule(ParentRunner.java:71)
	at org.junit.runners.ParentRunner.runChildren(ParentRunner.java:288)
	at org.junit.runners.ParentRunner.access$000(ParentRunner.java:58)
	at org.junit.runners.ParentRunner$2.evaluate(ParentRunner.java:268)
	at org.junit.runners.ParentRunner.run(ParentRunner.java:363)
	at cucumber.runtime.junit.FeatureRunner.run(FeatureRunner.java:70)
	at com.github.mkolisnyk.cucumber.runner.ExtendedCucumber.runChild(ExtendedCucumber.java:111)
	at com.github.mkolisnyk.cucumber.runner.ExtendedCucumber.runChild(ExtendedCucumber.java:30)
	at org.junit.runners.ParentRunner$3.run(ParentRunner.java:290)
	at org.junit.runners.ParentRunner$1.schedule(ParentRunner.java:71)
	at org.junit.runners.ParentRunner.runChildren(ParentRunner.java:288)
	at org.junit.runners.ParentRunner.access$000(ParentRunner.java:58)
	at org.junit.runners.ParentRunner$2.evaluate(ParentRunner.java:268)
	at org.junit.runners.ParentRunner.run(ParentRunner.java:363)
	at com.github.mkolisnyk.cucumber.runner.ExtendedCucumber.run(ExtendedCucumber.java:151)
	at org.eclipse.jdt.internal.junit4.runner.JUnit4TestReference.run(JUnit4TestReference.java:89)
	at org.eclipse.jdt.internal.junit.runner.TestExecution.run(TestExecution.java:41)
	at org.eclipse.jdt.internal.junit.runner.RemoteTestRunner.runTests(RemoteTestRunner.java:542)
	at org.eclipse.jdt.internal.junit.runner.RemoteTestRunner.runTests(RemoteTestRunner.java:770)
	at org.eclipse.jdt.internal.junit.runner.RemoteTestRunner.run(RemoteTestRunner.java:464)
	at org.eclipse.jdt.internal.junit.runner.RemoteTestRunner.main(RemoteTestRunner.java:210)
2020-09-08 16:08:32 INFO  verifying flights details display:63 - Test Data Flag - SELF
2020-09-08 16:09:16 INFO  verifying flight booked:63 - Test Data Flag - SELF
2020-09-08 16:09:16 INFO  verifying selected flight:63 - Test Data Flag - SELF
2020-09-08 16:09:22 INFO  verifying selected flight:112 - Screen Shot Attached
2020-09-08 16:09:22 INFO  verifying selected flight:117 - Driver closed
2020-09-08 18:10:43 INFO  verifying flights details display:60 - Test Data Flag - SELF
2020-09-08 18:11:54 INFO  verifying flight booked:60 - Test Data Flag - SELF
2020-09-08 18:13:35 INFO  verifying flights details display:60 - Test Data Flag - SELF
2020-09-08 18:14:44 INFO  verifying flight booked:60 - Test Data Flag - SELF
2020-09-08 18:16:53 INFO  verifying selected flight:60 - Test Data Flag - SELF
2020-09-08 18:17:25 INFO  verifying selected flight:117 - Scenario Failed - Coudn't attach screenshot
org.openqa.selenium.WebDriverException: chrome not reachable
  (Session info: chrome=85.0.4183.83)
  (Driver info: chromedriver=2.35.528161 (5b82f2d2aae0ca24b877009200ced9065a772e73),platform=Windows NT 10.0.18363 x86_64) (WARNING: The server did not provide any stacktrace information)
Command duration or timeout: 8.03 seconds
Build info: version: '3.4.0', revision: 'unknown', time: 'unknown'
System info: host: 'DESKTOP-0I2DGSC', ip: '192.168.31.189', os.name: 'Windows 10', os.arch: 'amd64', os.version: '10.0', java.version: '1.8.0_261'
Driver info: org.openqa.selenium.chrome.ChromeDriver
Capabilities [{applicationCacheEnabled=false, rotatable=false, mobileEmulationEnabled=false, networkConnectionEnabled=false, chrome={chromedriverVersion=2.35.528161 (5b82f2d2aae0ca24b877009200ced9065a772e73), userDataDir=C:\Users\ADVANT~1\AppData\Local\Temp\scoped_dir19680_29444}, takesHeapSnapshot=true, pageLoadStrategy=normal, databaseEnabled=false, handlesAlerts=true, hasTouchScreen=false, version=85.0.4183.83, platform=XP, browserConnectionEnabled=false, nativeEvents=true, acceptSslCerts=false, acceptInsecureCerts=false, locationContextEnabled=true, webStorageEnabled=true, browserName=chrome, takesScreenshot=true, javascriptEnabled=true, cssSelectorsEnabled=true, setWindowRect=true, unexpectedAlertBehaviour=ignore}]
Session ID: 203837433dd4bee35a7754805a927fee
	at sun.reflect.NativeConstructorAccessorImpl.newInstance0(Native Method)
	at sun.reflect.NativeConstructorAccessorImpl.newInstance(Unknown Source)
	at sun.reflect.DelegatingConstructorAccessorImpl.newInstance(Unknown Source)
	at java.lang.reflect.Constructor.newInstance(Unknown Source)
	at org.openqa.selenium.remote.ErrorHandler.createThrowable(ErrorHandler.java:215)
	at org.openqa.selenium.remote.ErrorHandler.throwIfResponseFailed(ErrorHandler.java:167)
	at org.openqa.selenium.remote.RemoteWebDriver.execute(RemoteWebDriver.java:671)
	at org.openqa.selenium.remote.RemoteWebDriver.execute(RemoteWebDriver.java:694)
	at org.openqa.selenium.remote.RemoteWebDriver.getScreenshotAs(RemoteWebDriver.java:382)
	at com.blazedemo.blazedemo.stepdefs.beforeAndAfterHooks.embedScreenshot(beforeAndAfterHooks.java:104)
	at sun.reflect.NativeMethodAccessorImpl.invoke0(Native Method)
	at sun.reflect.NativeMethodAccessorImpl.invoke(Unknown Source)
	at sun.reflect.DelegatingMethodAccessorImpl.invoke(Unknown Source)
	at java.lang.reflect.Method.invoke(Unknown Source)
	at cucumber.runtime.Utils$1.call(Utils.java:40)
	at cucumber.runtime.Timeout.timeout(Timeout.java:16)
	at cucumber.runtime.Utils.invoke(Utils.java:34)
	at cucumber.runtime.java.JavaHookDefinition.execute(JavaHookDefinition.java:60)
	at cucumber.runtime.Runtime.runHookIfTagsMatch(Runtime.java:224)
	at cucumber.runtime.Runtime.runHooks(Runtime.java:212)
	at cucumber.runtime.Runtime.runAfterHooks(Runtime.java:206)
	at cucumber.runtime.model.CucumberScenario.run(CucumberScenario.java:46)
	at com.github.mkolisnyk.cucumber.runner.ExtendedExecutionUnitRunner.run(ExtendedExecutionUnitRunner.java:35)
	at com.github.mkolisnyk.cucumber.runner.ExtendedExamplesRunner.runChild(ExtendedExamplesRunner.java:102)
	at com.github.mkolisnyk.cucumber.runner.ExtendedExamplesRunner.runChild(ExtendedExamplesRunner.java:19)
	at org.junit.runners.ParentRunner$3.run(ParentRunner.java:290)
	at org.junit.runners.ParentRunner$1.schedule(ParentRunner.java:71)
	at org.junit.runners.ParentRunner.runChildren(ParentRunner.java:288)
	at org.junit.runners.ParentRunner.access$000(ParentRunner.java:58)
	at org.junit.runners.ParentRunner$2.evaluate(ParentRunner.java:268)
	at org.junit.runners.ParentRunner.run(ParentRunner.java:363)
	at com.github.mkolisnyk.cucumber.runner.ExtendedExamplesRunner.run(ExtendedExamplesRunner.java:87)
	at org.junit.runners.Suite.runChild(Suite.java:128)
	at com.github.mkolisnyk.cucumber.runner.ExtendedScenarioOutlineRunner.runChild(ExtendedScenarioOutlineRunner.java:69)
	at com.github.mkolisnyk.cucumber.runner.ExtendedScenarioOutlineRunner.runChild(ExtendedScenarioOutlineRunner.java:17)
	at org.junit.runners.ParentRunner$3.run(ParentRunner.java:290)
	at org.junit.runners.ParentRunner$1.schedule(ParentRunner.java:71)
	at org.junit.runners.ParentRunner.runChildren(ParentRunner.java:288)
	at org.junit.runners.ParentRunner.access$000(ParentRunner.java:58)
	at org.junit.runners.ParentRunner$2.evaluate(ParentRunner.java:268)
	at org.junit.runners.ParentRunner.run(ParentRunner.java:363)
	at com.github.mkolisnyk.cucumber.runner.ExtendedScenarioOutlineRunner.run(ExtendedScenarioOutlineRunner.java:64)
	at com.github.mkolisnyk.cucumber.runner.ExtendedFeatureRunner.runChild(ExtendedFeatureRunner.java:99)
	at com.github.mkolisnyk.cucumber.runner.ExtendedFeatureRunner.runChild(ExtendedFeatureRunner.java:24)
	at org.junit.runners.ParentRunner$3.run(ParentRunner.java:290)
	at org.junit.runners.ParentRunner$1.schedule(ParentRunner.java:71)
	at org.junit.runners.ParentRunner.runChildren(ParentRunner.java:288)
	at org.junit.runners.ParentRunner.access$000(ParentRunner.java:58)
	at org.junit.runners.ParentRunner$2.evaluate(ParentRunner.java:268)
	at org.junit.runners.ParentRunner.run(ParentRunner.java:363)
	at cucumber.runtime.junit.FeatureRunner.run(FeatureRunner.java:70)
	at com.github.mkolisnyk.cucumber.runner.ExtendedCucumber.runChild(ExtendedCucumber.java:111)
	at com.github.mkolisnyk.cucumber.runner.ExtendedCucumber.runChild(ExtendedCucumber.java:30)
	at org.junit.runners.ParentRunner$3.run(ParentRunner.java:290)
	at org.junit.runners.ParentRunner$1.schedule(ParentRunner.java:71)
	at org.junit.runners.ParentRunner.runChildren(ParentRunner.java:288)
	at org.junit.runners.ParentRunner.access$000(ParentRunner.java:58)
	at org.junit.runners.ParentRunner$2.evaluate(ParentRunner.java:268)
	at org.junit.runners.ParentRunner.run(ParentRunner.java:363)
	at com.github.mkolisnyk.cucumber.runner.ExtendedCucumber.run(ExtendedCucumber.java:151)
	at org.eclipse.jdt.internal.junit4.runner.JUnit4TestReference.run(JUnit4TestReference.java:89)
	at org.eclipse.jdt.internal.junit.runner.TestExecution.run(TestExecution.java:41)
	at org.eclipse.jdt.internal.junit.runner.RemoteTestRunner.runTests(RemoteTestRunner.java:542)
	at org.eclipse.jdt.internal.junit.runner.RemoteTestRunner.runTests(RemoteTestRunner.java:770)
	at org.eclipse.jdt.internal.junit.runner.RemoteTestRunner.run(RemoteTestRunner.java:464)
	at org.eclipse.jdt.internal.junit.runner.RemoteTestRunner.main(RemoteTestRunner.java:210)
2020-09-08 18:38:41 INFO  verifying flights details display:60 - Test Data Flag - SELF
2020-09-08 18:39:49 INFO  verifying flight booked:60 - Test Data Flag - SELF
2020-09-08 18:42:04 INFO  verifying selected flight:60 - Test Data Flag - SELF
2020-09-08 18:42:11 INFO  verifying selected flight:108 - Screen Shot Attached
2020-09-08 18:42:11 INFO  verifying selected flight:112 - Driver closed
2020-09-08 18:57:29 INFO  verifying flights details display:60 - Test Data Flag - SELF
2020-09-08 18:58:41 INFO  verifying flight booked:60 - Test Data Flag - SELF
2020-09-08 19:00:55 INFO  verifying selected flight:60 - Test Data Flag - SELF
2020-09-08 19:01:03 INFO  verifying selected flight:108 - Screen Shot Attached
2020-09-08 19:01:03 INFO  verifying selected flight:112 - Driver closed
2020-09-08 19:54:26 INFO  verifying flights details display:60 - Test Data Flag - SELF
2020-09-08 19:56:09 INFO  verifying flight booked:60 - Test Data Flag - SELF
2020-09-08 19:57:01 INFO  verifying selected flight:60 - Test Data Flag - SELF
2020-09-08 19:57:07 INFO  verifying selected flight:108 - Screen Shot Attached
2020-09-08 19:57:07 INFO  verifying selected flight:112 - Driver closed
2020-09-08 20:12:13 INFO  verifying flights details display:60 - Test Data Flag - SELF
2020-09-08 20:13:25 INFO  verifying selected flight:60 - Test Data Flag - SELF
2020-09-08 20:13:32 INFO  verifying selected flight:108 - Screen Shot Attached
2020-09-08 20:13:32 INFO  verifying selected flight:112 - Driver closed
2020-09-08 20:13:33 INFO  verifying flight booked:60 - Test Data Flag - SELF
2020-09-08 20:18:33 INFO  verifying flights details display:60 - Test Data Flag - SELF
2020-09-08 20:20:14 INFO  verifying selected flight:60 - Test Data Flag - SELF
2020-09-08 20:20:20 INFO  verifying selected flight:108 - Screen Shot Attached
2020-09-08 20:20:20 INFO  verifying selected flight:112 - Driver closed
2020-09-08 20:20:21 INFO  verifying flight booked:60 - Test Data Flag - SELF
2020-09-09 13:25:53 INFO  verifying flights details display:60 - Test Data Flag - SELF
2020-09-09 13:26:21 INFO  verifying selected flight:60 - Test Data Flag - SELF
2020-09-09 13:26:30 INFO  verifying selected flight:108 - Screen Shot Attached
2020-09-09 13:26:30 INFO  verifying selected flight:112 - Driver closed
2020-09-09 13:26:35 INFO  verifying flight booked:60 - Test Data Flag - SELF
2020-09-09 13:30:46 INFO  verifying flights details display:60 - Test Data Flag - SELF
2020-09-09 13:52:46 INFO  verifying flights details display:60 - Test Data Flag - SELF
2020-09-09 13:53:03 INFO  verifying flights details display:60 - Test Data Flag - SELF
2020-09-09 13:58:27 INFO  verifying flights details display:60 - Test Data Flag - SELF
2020-09-09 14:02:55 INFO  verifying flights details display:60 - Test Data Flag - SELF
2020-09-09 14:08:04 INFO  verifying flights details display:60 - Test Data Flag - SELF
2020-09-09 14:16:51 INFO  verifying flights details display:60 - Test Data Flag - SELF
2020-09-09 14:26:20 INFO  verifying flights details display:60 - Test Data Flag - SELF
2020-09-09 15:49:44 INFO  verifying flights details display:60 - Test Data Flag - SELF
2020-09-09 15:50:17 INFO  verifying flights details display:108 - Screen Shot Attached
2020-09-09 15:50:17 INFO  verifying flights details display:112 - Driver closed
2020-09-09 15:51:12 INFO  verifying flights details display:60 - Test Data Flag - SELF
2020-09-09 15:58:50 INFO  verifying flights details display:60 - Test Data Flag - SELF
2020-09-09 16:00:02 INFO  verifying flights details display:108 - Screen Shot Attached
2020-09-09 16:00:02 INFO  verifying flights details display:112 - Driver closed
2020-09-09 16:02:03 INFO  verifying flights details display:60 - Test Data Flag - SELF
2020-09-09 16:09:29 INFO  verifying flights details display:60 - Test Data Flag - SELF
2020-09-09 16:55:05 INFO  verifying flights details display:60 - Test Data Flag - SELF
2020-09-09 16:55:48 INFO  verifying selected flight:60 - Test Data Flag - SELF
2020-09-09 16:57:05 INFO  verifying flights details display:60 - Test Data Flag - SELF
2020-09-09 16:58:43 INFO  verifying selected flight:60 - Test Data Flag - SELF
2020-09-09 17:29:46 INFO  verifying flights details display:60 - Test Data Flag - SELF
2020-09-09 17:31:05 INFO  verifying flights details display:108 - Screen Shot Attached
2020-09-09 17:31:05 INFO  verifying flights details display:112 - Driver closed
2020-09-09 17:31:07 INFO  verifying selected flight:60 - Test Data Flag - SELF
2020-09-09 17:31:28 INFO  verifying flights details display:60 - Test Data Flag - SELF
2020-09-09 17:31:59 INFO  verifying selected flight:60 - Test Data Flag - SELF
2020-09-09 17:33:10 INFO  verifying selected flight:108 - Screen Shot Attached
2020-09-09 17:33:10 INFO  verifying selected flight:112 - Driver closed
2020-09-09 17:33:12 INFO  verifying flight booked:60 - Test Data Flag - SELF
2020-09-09 17:55:50 INFO  verifying flights details display:60 - Test Data Flag - SELF
2020-09-09 17:57:15 INFO  verifying flights details display:60 - Test Data Flag - SELF
2020-09-09 18:02:20 INFO  verifying flights details display:60 - Test Data Flag - SELF
2020-09-09 18:06:03 INFO  verifying flights details display:60 - Test Data Flag - SELF
2020-09-09 18:26:22 INFO  verifying flights details display:60 - Test Data Flag - SELF
2020-09-09 18:52:23 INFO  verifying flights details display:60 - Test Data Flag - SELF
2020-09-09 19:00:55 INFO  verifying flights details display:60 - Test Data Flag - SELF
2020-09-09 19:11:41 INFO  verifying flights details display:60 - Test Data Flag - SELF
2020-09-09 19:12:54 INFO  verifying flights details display:108 - Screen Shot Attached
2020-09-09 19:12:54 INFO  verifying flights details display:112 - Driver closed
2020-09-09 19:13:21 INFO  verifying flights details display:60 - Test Data Flag - SELF
2020-09-09 19:24:17 INFO  verifying flights details display:60 - Test Data Flag - SELF
2020-09-09 19:27:55 INFO  verifying flights details display:60 - Test Data Flag - SELF
2020-09-09 19:32:54 INFO  verifying flights details display:60 - Test Data Flag - SELF
2020-09-09 19:35:54 INFO  verifying flights details display:108 - Screen Shot Attached
2020-09-09 19:35:54 INFO  verifying flights details display:112 - Driver closed
2020-09-09 19:38:35 INFO  verifying flights details display:60 - Test Data Flag - SELF
2020-09-09 19:57:47 INFO  verifying flights details display:60 - Test Data Flag - SELF
2020-09-09 20:02:40 INFO  verifying flights details display:60 - Test Data Flag - SELF
2020-09-09 20:11:04 INFO  verifying flights details display:60 - Test Data Flag - SELF
2020-09-09 20:11:32 INFO  verifying flights details display:108 - Screen Shot Attached
2020-09-09 20:11:32 INFO  verifying flights details display:112 - Driver closed
2020-09-09 20:19:28 INFO  verifying flights details display:60 - Test Data Flag - SELF
2020-09-09 20:20:58 INFO  verifying flights details display:60 - Test Data Flag - SELF
2020-09-09 22:27:38 INFO  verifying flights details display:60 - Test Data Flag - SELF
2020-09-09 22:44:01 INFO  verifying flights details display:60 - Test Data Flag - SELF
2020-09-09 22:47:43 INFO  verifying flights details display:60 - Test Data Flag - SELF
2020-09-09 22:49:36 INFO  verifying flights details display:60 - Test Data Flag - SELF
2020-09-09 23:16:16 INFO  verifying flights details display:60 - Test Data Flag - SELF
2020-09-09 23:26:07 INFO  verifying flights details display:60 - Test Data Flag - SELF
2020-09-10 08:35:15 INFO  verifying flights details display:60 - Test Data Flag - SELF
2020-09-10 08:41:23 INFO  verifying flights details display:108 - Screen Shot Attached
2020-09-10 08:41:23 INFO  verifying flights details display:112 - Driver closed
2020-09-10 08:46:39 INFO  verifying flights details display:60 - Test Data Flag - SELF
2020-09-10 08:48:13 INFO  verifying flights details display:108 - Screen Shot Attached
2020-09-10 08:48:13 INFO  verifying flights details display:112 - Driver closed
